# JRE version: OpenJDK Runtime Environment (8.0_222-b10) (build 1.8.0_222-8u222-b10-1ubuntu1~16.04.1-b10)
# Java VM: OpenJDK 64-Bit Server VM (25.222-b10 mixed mode linux-amd64 compressed oops)
Heap:
 def new generation   total 30336K, used 27987K [0x00000000c0000000, 0x00000000c20e0000, 0x00000000d5550000)
  eden space 27008K, 100% used [0x00000000c0000000, 0x00000000c1a60000, 0x00000000c1a60000)
  from space 3328K,  29% used [0x00000000c1da0000, 0x00000000c1e94d28, 0x00000000c20e0000)
  to   space 3328K,   7% used [0x00000000c1a60000, 0x00000000c1a9be50, 0x00000000c1da0000)
 tenured generation   total 67236K, used 55155K [0x00000000d5550000, 0x00000000d96f9000, 0x0000000100000000)
   the space 67236K,  82% used [0x00000000d5550000, 0x00000000d8b2ce78, 0x00000000d8b2d000, 0x00000000d96f9000)
 Metaspace       used 95806K, capacity 98037K, committed 99672K, reserved 1136640K
  class space    used 12441K, capacity 12810K, committed 13144K, reserved 1048576K
GC Heap History (10 events):
Event: 2723.402 GC heap after
Heap after GC invocations=457 (full 9):
 def new generation   total 30336K, used 258K [0x00000000c0000000, 0x00000000c20e0000, 0x00000000d5550000)
  eden space 27008K,   0% used [0x00000000c0000000, 0x00000000c0000000, 0x00000000c1a60000)
  from space 3328K,   7% used [0x00000000c1da0000, 0x00000000c1de0a58, 0x00000000c20e0000)
  to   space 3328K,   0% used [0x00000000c1a60000, 0x00000000c1a60000, 0x00000000c1da0000)
 tenured generation   total 67236K, used 38771K [0x00000000d5550000, 0x00000000d96f9000, 0x0000000100000000)
   the space 67236K,  57% used [0x00000000d5550000, 0x00000000d7b2ce68, 0x00000000d7b2d000, 0x00000000d96f9000)
 Metaspace       used 95756K, capacity 97891K, committed 99288K, reserved 1136640K
  class space    used 12439K, capacity 12805K, committed 13016K, reserved 1048576K
}
Event: 2890.537 GC heap before
{Heap before GC invocations=457 (full 9):
 def new generation   total 30336K, used 26608K [0x00000000c0000000, 0x00000000c20e0000, 0x00000000d5550000)
  eden space 27008K,  97% used [0x00000000c0000000, 0x00000000c19bb8c0, 0x00000000c1a60000)
  from space 3328K,   7% used [0x00000000c1da0000, 0x00000000c1de0a58, 0x00000000c20e0000)
  to   space 3328K,   0% used [0x00000000c1a60000, 0x00000000c1a60000, 0x00000000c1da0000)
 tenured generation   total 67236K, used 38771K [0x00000000d5550000, 0x00000000d96f9000, 0x0000000100000000)
   the space 67236K,  57% used [0x00000000d5550000, 0x00000000d7b2ce68, 0x00000000d7b2d000, 0x00000000d96f9000)
 Metaspace       used 95778K, capacity 97961K, committed 99416K, reserved 1136640K
  class space    used 12440K, capacity 12807K, committed 13144K, reserved 1048576K
Event: 2891.481 GC heap after
Heap after GC invocations=458 (full 9):
 def new generation   total 30336K, used 1200K [0x00000000c0000000, 0x00000000c20e0000, 0x00000000d5550000)
  eden space 27008K,   0% used [0x00000000c0000000, 0x00000000c0000000, 0x00000000c1a60000)
  from space 3328K,  36% used [0x00000000c1a60000, 0x00000000c1b8c190, 0x00000000c1da0000)
  to   space 3328K,   0% used [0x00000000c1da0000, 0x00000000c1da0000, 0x00000000c20e0000)
 tenured generation   total 67236K, used 38771K [0x00000000d5550000, 0x00000000d96f9000, 0x0000000100000000)
   the space 67236K,  57% used [0x00000000d5550000, 0x00000000d7b2ce68, 0x00000000d7b2d000, 0x00000000d96f9000)
 Metaspace       used 95778K, capacity 97961K, committed 99416K, reserved 1136640K
  class space    used 12440K, capacity 12807K, committed 13144K, reserved 1048576K
}
Event: 2896.263 GC heap before
{Heap before GC invocations=458 (full 9):
 def new generation   total 30336K, used 28208K [0x00000000c0000000, 0x00000000c20e0000, 0x00000000d5550000)
  eden space 27008K, 100% used [0x00000000c0000000, 0x00000000c1a60000, 0x00000000c1a60000)
  from space 3328K,  36% used [0x00000000c1a60000, 0x00000000c1b8c190, 0x00000000c1da0000)
  to   space 3328K,   0% used [0x00000000c1da0000, 0x00000000c1da0000, 0x00000000c20e0000)
 tenured generation   total 67236K, used 38771K [0x00000000d5550000, 0x00000000d96f9000, 0x0000000100000000)
   the space 67236K,  57% used [0x00000000d5550000, 0x00000000d7b2ce68, 0x00000000d7b2d000, 0x00000000d96f9000)
 Metaspace       used 95778K, capacity 97961K, committed 99416K, reserved 1136640K
  class space    used 12440K, capacity 12807K, committed 13144K, reserved 1048576K
Event: 2897.026 GC heap after
Heap after GC invocations=459 (full 9):
 def new generation   total 30336K, used 972K [0x00000000c0000000, 0x00000000c20e0000, 0x00000000d5550000)
  eden space 27008K,   0% used [0x00000000c0000000, 0x00000000c0000000, 0x00000000c1a60000)
  from space 3328K,  29% used [0x00000000c1da0000, 0x00000000c1e93010, 0x00000000c20e0000)
  to   space 3328K,   0% used [0x00000000c1a60000, 0x00000000c1a60000, 0x00000000c1da0000)
 tenured generation   total 67236K, used 55155K [0x00000000d5550000, 0x00000000d96f9000, 0x0000000100000000)
   the space 67236K,  82% used [0x00000000d5550000, 0x00000000d8b2ce78, 0x00000000d8b2d000, 0x00000000d96f9000)
 Metaspace       used 95778K, capacity 97961K, committed 99416K, reserved 1136640K
  class space    used 12440K, capacity 12807K, committed 13144K, reserved 1048576K
}
Event: 2926.578 GC heap before
{Heap before GC invocations=459 (full 9):
 def new generation   total 30336K, used 27980K [0x00000000c0000000, 0x00000000c20e0000, 0x00000000d5550000)
  eden space 27008K, 100% used [0x00000000c0000000, 0x00000000c1a60000, 0x00000000c1a60000)
  from space 3328K,  29% used [0x00000000c1da0000, 0x00000000c1e93010, 0x00000000c20e0000)
  to   space 3328K,   0% used [0x00000000c1a60000, 0x00000000c1a60000, 0x00000000c1da0000)
 tenured generation   total 67236K, used 55155K [0x00000000d5550000, 0x00000000d96f9000, 0x0000000100000000)
   the space 67236K,  82% used [0x00000000d5550000, 0x00000000d8b2ce78, 0x00000000d8b2d000, 0x00000000d96f9000)
 Metaspace       used 95779K, capacity 97961K, committed 99416K, reserved 1136640K
  class space    used 12440K, capacity 12807K, committed 13144K, reserved 1048576K
Event: 2927.858 GC heap after
Heap after GC invocations=460 (full 9):
 def new generation   total 30336K, used 510K [0x00000000c0000000, 0x00000000c20e0000, 0x00000000d5550000)
  eden space 27008K,   0% used [0x00000000c0000000, 0x00000000c0000000, 0x00000000c1a60000)
  from space 3328K,  15% used [0x00000000c1a60000, 0x00000000c1adfb98, 0x00000000c1da0000)
  to   space 3328K,   0% used [0x00000000c1da0000, 0x00000000c1da0000, 0x00000000c20e0000)
 tenured generation   total 67236K, used 55155K [0x00000000d5550000, 0x00000000d96f9000, 0x0000000100000000)
   the space 67236K,  82% used [0x00000000d5550000, 0x00000000d8b2ce78, 0x00000000d8b2d000, 0x00000000d96f9000)
 Metaspace       used 95779K, capacity 97961K, committed 99416K, reserved 1136640K
  class space    used 12440K, capacity 12807K, committed 13144K, reserved 1048576K
}
Event: 3021.676 GC heap before
{Heap before GC invocations=460 (full 9):
 def new generation   total 30336K, used 27512K [0x00000000c0000000, 0x00000000c20e0000, 0x00000000d5550000)
  eden space 27008K,  99% used [0x00000000c0000000, 0x00000000c1a5e7e0, 0x00000000c1a60000)
  from space 3328K,  15% used [0x00000000c1a60000, 0x00000000c1adfb98, 0x00000000c1da0000)
  to   space 3328K,   0% used [0x00000000c1da0000, 0x00000000c1da0000, 0x00000000c20e0000)
 tenured generation   total 67236K, used 55155K [0x00000000d5550000, 0x00000000d96f9000, 0x0000000100000000)
   the space 67236K,  82% used [0x00000000d5550000, 0x00000000d8b2ce78, 0x00000000d8b2d000, 0x00000000d96f9000)
 Metaspace       used 95805K, capacity 98037K, committed 99672K, reserved 1136640K
  class space    used 12441K, capacity 12810K, committed 13144K, reserved 1048576K
Event: 3022.248 GC heap after
Heap after GC invocations=461 (full 9):
 def new generation   total 30336K, used 979K [0x00000000c0000000, 0x00000000c20e0000, 0x00000000d5550000)
  eden space 27008K,   0% used [0x00000000c0000000, 0x00000000c0000000, 0x00000000c1a60000)
  from space 3328K,  29% used [0x00000000c1da0000, 0x00000000c1e94d28, 0x00000000c20e0000)
  to   space 3328K,   0% used [0x00000000c1a60000, 0x00000000c1a60000, 0x00000000c1da0000)
 tenured generation   total 67236K, used 55155K [0x00000000d5550000, 0x00000000d96f9000, 0x0000000100000000)
   the space 67236K,  82% used [0x00000000d5550000, 0x00000000d8b2ce78, 0x00000000d8b2d000, 0x00000000d96f9000)
 Metaspace       used 95805K, capacity 98037K, committed 99672K, reserved 1136640K
  class space    used 12441K, capacity 12810K, committed 13144K, reserved 1048576K
}
Event: 3036.432 GC heap before
{Heap before GC invocations=461 (full 9):
 def new generation   total 30336K, used 27987K [0x00000000c0000000, 0x00000000c20e0000, 0x00000000d5550000)
  eden space 27008K, 100% used [0x00000000c0000000, 0x00000000c1a60000, 0x00000000c1a60000)
  from space 3328K,  29% used [0x00000000c1da0000, 0x00000000c1e94d28, 0x00000000c20e0000)
  to   space 3328K,   0% used [0x00000000c1a60000, 0x00000000c1a60000, 0x00000000c1da0000)
 tenured generation   total 67236K, used 55155K [0x00000000d5550000, 0x00000000d96f9000, 0x0000000100000000)
   the space 67236K,  82% used [0x00000000d5550000, 0x00000000d8b2ce78, 0x00000000d8b2d000, 0x00000000d96f9000)
 Metaspace       used 95806K, capacity 98037K, committed 99672K, reserved 1136640K
  class space    used 12441K, capacity 12810K, committed 13144K, reserved 1048576K

